[2025-08-26 10:38:33] [INFO] 开始ButterKnife迁移流程...
[2025-08-26 10:38:33] [INFO] 步骤1: 扫描项目文件...
[2025-08-26 10:38:33] [INFO] 找到 1 个Java文件
[2025-08-26 10:38:33] [INFO] 步骤2: 解析ButterKnife注解...
[2025-08-26 10:38:33] [INFO] 解析文件: MainActivity.java
[2025-08-26 10:38:33] [INFO] 找到 1 个包含ButterKnife的文件
[2025-08-26 10:38:33] [INFO] 步骤3: 转换代码...
[2025-08-26 10:38:33] [INFO] 步骤4: 注入初始化代码...
[2025-08-26 10:38:33] [INFO] 步骤5: 写入转换后的文件...
[2025-08-26 10:38:33] [INFO] 成功迁移文件: MainActivity.java
[2025-08-26 10:38:33] [INFO] 步骤6: 生成迁移报告...
[2025-08-26 10:38:33] [INFO] 迁移报告已保存到: C:\Users\ygh\PythonWorkSpace\butterknife_migrator\butterknife_migration_report.json
[2025-08-26 10:38:33] [INFO] ButterKnife迁移流程完成!
[2025-08-26 10:41:58] [INFO] 开始ButterKnife迁移流程...
[2025-08-26 10:41:58] [INFO] 步骤1: 扫描项目文件...
[2025-08-26 10:41:58] [INFO] 找到 1 个Java文件
[2025-08-26 10:41:58] [INFO] 步骤2: 解析ButterKnife注解...
[2025-08-26 10:41:58] [INFO] 解析文件: MainActivity.java
[2025-08-26 10:41:58] [INFO] 找到 1 个包含ButterKnife的文件
[2025-08-26 10:41:58] [INFO] 步骤3: 转换代码...
[2025-08-26 10:41:58] [INFO] 步骤4: 注入初始化代码...
[2025-08-26 10:41:58] [INFO] 步骤5: 写入转换后的文件...
[2025-08-26 10:41:58] [INFO] 成功迁移文件: MainActivity.java
[2025-08-26 10:41:58] [INFO] 步骤6: 生成迁移报告...
[2025-08-26 10:41:58] [INFO] 迁移报告已保存到: tests\butterknife_migration_report.json
[2025-08-26 10:41:58] [INFO] ButterKnife迁移流程完成!
[2025-08-26 10:43:13] [INFO] 开始ButterKnife迁移流程...
[2025-08-26 10:43:13] [INFO] 步骤1: 扫描项目文件...
[2025-08-26 10:43:13] [INFO] 找到 2 个Java文件
[2025-08-26 10:43:13] [INFO] 步骤2: 解析ButterKnife注解...
[2025-08-26 10:43:13] [INFO] 解析文件: MainActivity.java
[2025-08-26 10:43:13] [INFO] 解析文件: MainActivity.java
[2025-08-26 10:43:13] [INFO] 找到 2 个包含ButterKnife的文件
[2025-08-26 10:43:13] [INFO] 步骤3: 转换代码...
[2025-08-26 10:43:13] [INFO] 步骤4: 注入初始化代码...
[2025-08-26 10:43:13] [INFO] 步骤5: 写入转换后的文件...
[2025-08-26 10:43:13] [INFO] 成功迁移文件: MainActivity.java
[2025-08-26 10:43:13] [INFO] 成功迁移文件: MainActivity.java
[2025-08-26 10:43:13] [INFO] 步骤6: 生成迁移报告...
[2025-08-26 10:43:13] [INFO] 迁移报告已保存到: tests\butterknife_migration_report.json
[2025-08-26 10:43:13] [INFO] ButterKnife迁移流程完成!
[2025-08-26 10:46:26] [INFO] 开始ButterKnife迁移流程...
[2025-08-26 10:46:26] [INFO] 步骤1: 扫描项目文件...
[2025-08-26 10:46:26] [INFO] 找到 3 个Java文件
[2025-08-26 10:46:26] [INFO] 步骤2: 解析ButterKnife注解...
[2025-08-26 10:46:26] [INFO] 解析文件: MainActivity.java
[2025-08-26 10:46:26] [INFO] 解析文件: MainActivity.java
[2025-08-26 10:46:26] [INFO] 解析文件: MainActivity.java
[2025-08-26 10:46:26] [INFO] 找到 3 个包含ButterKnife的文件
[2025-08-26 10:46:26] [INFO] 步骤3: 转换代码...
[2025-08-26 10:46:26] [INFO] 步骤4: 注入初始化代码...
[2025-08-26 10:46:26] [INFO] 步骤5: 写入转换后的文件...
[2025-08-26 10:46:26] [INFO] 成功迁移文件: MainActivity.java
[2025-08-26 10:46:26] [INFO] 成功迁移文件: MainActivity.java
[2025-08-26 10:46:26] [INFO] 成功迁移文件: MainActivity.java
[2025-08-26 10:46:26] [INFO] 步骤6: 生成迁移报告...
[2025-08-26 10:46:26] [INFO] 迁移报告已保存到: tests\butterknife_migration_report.json
[2025-08-26 10:46:26] [INFO] ButterKnife迁移流程完成!
[2025-08-26 10:51:03] [INFO] 开始ButterKnife迁移流程...
[2025-08-26 10:51:03] [INFO] 步骤1: 扫描项目文件...
[2025-08-26 10:51:03] [INFO] 找到 4 个Java文件
[2025-08-26 10:51:03] [INFO] 步骤2: 解析ButterKnife注解...
[2025-08-26 10:51:03] [INFO] 解析文件: MainActivity.java
[2025-08-26 10:51:03] [INFO] 解析文件: MainActivity.java
[2025-08-26 10:51:03] [INFO] 解析文件: MainActivity.java
[2025-08-26 10:51:03] [INFO] 解析文件: MainActivity.java
[2025-08-26 10:51:03] [INFO] 找到 4 个包含ButterKnife的文件
[2025-08-26 10:51:03] [INFO] 步骤3: 转换代码...
[2025-08-26 10:51:03] [INFO] 步骤4: 注入初始化代码...
[2025-08-26 10:51:03] [INFO] 步骤5: 写入转换后的文件...
[2025-08-26 10:51:03] [INFO] 成功迁移文件: MainActivity.java
[2025-08-26 10:51:03] [INFO] 成功迁移文件: MainActivity.java
[2025-08-26 10:51:03] [INFO] 成功迁移文件: MainActivity.java
[2025-08-26 10:51:03] [INFO] 成功迁移文件: MainActivity.java
[2025-08-26 10:51:03] [INFO] 步骤6: 生成迁移报告...
[2025-08-26 10:51:03] [INFO] 迁移报告已保存到: tests\butterknife_migration_report.json
[2025-08-26 10:51:03] [INFO] ButterKnife迁移流程完成!
[2025-08-26 10:52:07] [INFO] 开始ButterKnife迁移流程...
[2025-08-26 10:52:07] [INFO] 步骤1: 扫描项目文件...
[2025-08-26 10:52:07] [INFO] 找到 5 个Java文件
[2025-08-26 10:52:07] [INFO] 步骤2: 解析ButterKnife注解...
[2025-08-26 10:52:07] [INFO] 解析文件: MainActivity.java
[2025-08-26 10:52:07] [INFO] 解析文件: MainActivity.java
[2025-08-26 10:52:07] [INFO] 解析文件: MainActivity.java
[2025-08-26 10:52:07] [INFO] 解析文件: MainActivity.java
[2025-08-26 10:52:07] [INFO] 解析文件: MainActivity.java
[2025-08-26 10:52:07] [INFO] 找到 5 个包含ButterKnife的文件
[2025-08-26 10:52:07] [INFO] 步骤3: 转换代码...
[2025-08-26 10:52:07] [INFO] 步骤4: 注入初始化代码...
[2025-08-26 10:52:07] [INFO] 步骤5: 写入转换后的文件...
[2025-08-26 10:52:07] [INFO] 成功迁移文件: MainActivity.java
[2025-08-26 10:52:07] [INFO] 成功迁移文件: MainActivity.java
[2025-08-26 10:52:07] [INFO] 成功迁移文件: MainActivity.java
[2025-08-26 10:52:07] [INFO] 成功迁移文件: MainActivity.java
[2025-08-26 10:52:07] [INFO] 成功迁移文件: MainActivity.java
[2025-08-26 10:52:07] [INFO] 步骤6: 生成迁移报告...
[2025-08-26 10:52:07] [INFO] 迁移报告已保存到: tests\butterknife_migration_report.json
[2025-08-26 10:52:07] [INFO] ButterKnife迁移流程完成!
[2025-08-26 10:53:12] [INFO] 开始ButterKnife迁移流程...
[2025-08-26 10:53:12] [INFO] 步骤1: 扫描项目文件...
[2025-08-26 10:53:12] [INFO] 找到 6 个Java文件
[2025-08-26 10:53:12] [INFO] 步骤2: 解析ButterKnife注解...
[2025-08-26 10:53:12] [INFO] 解析文件: MainActivity.java
[2025-08-26 10:53:12] [INFO] 解析文件: MainActivity.java
[2025-08-26 10:53:12] [INFO] 解析文件: MainActivity.java
[2025-08-26 10:53:12] [INFO] 解析文件: MainActivity.java
[2025-08-26 10:53:12] [INFO] 解析文件: MainActivity.java
[2025-08-26 10:53:12] [INFO] 解析文件: MainActivity.java
[2025-08-26 10:53:12] [INFO] 找到 6 个包含ButterKnife的文件
[2025-08-26 10:53:12] [INFO] 步骤3: 转换代码...
[2025-08-26 10:53:12] [INFO] 步骤4: 注入初始化代码...
[2025-08-26 10:53:12] [INFO] 步骤5: 写入转换后的文件...
[2025-08-26 10:53:12] [INFO] 成功迁移文件: MainActivity.java
[2025-08-26 10:53:12] [INFO] 成功迁移文件: MainActivity.java
[2025-08-26 10:53:12] [INFO] 成功迁移文件: MainActivity.java
[2025-08-26 10:53:12] [INFO] 成功迁移文件: MainActivity.java
[2025-08-26 10:53:12] [INFO] 成功迁移文件: MainActivity.java
[2025-08-26 10:53:12] [INFO] 成功迁移文件: MainActivity.java
[2025-08-26 10:53:12] [INFO] 步骤6: 生成迁移报告...
[2025-08-26 10:53:12] [INFO] 迁移报告已保存到: tests\butterknife_migration_report.json
[2025-08-26 10:53:12] [INFO] ButterKnife迁移流程完成!
[2025-08-26 10:55:52] [INFO] 开始ButterKnife迁移流程...
[2025-08-26 10:55:52] [INFO] 步骤1: 扫描项目文件...
[2025-08-26 10:55:52] [INFO] 找到 7 个Java文件
[2025-08-26 10:55:52] [INFO] 步骤2: 解析ButterKnife注解...
[2025-08-26 10:55:52] [INFO] 解析文件: MainActivity.java
[2025-08-26 10:55:52] [INFO] 解析文件: MainActivity.java
[2025-08-26 10:55:52] [INFO] 解析文件: MainActivity.java
[2025-08-26 10:55:52] [INFO] 解析文件: MainActivity.java
[2025-08-26 10:55:52] [INFO] 解析文件: MainActivity.java
[2025-08-26 10:55:52] [INFO] 解析文件: MainActivity.java
[2025-08-26 10:55:52] [INFO] 解析文件: MainActivity.java
[2025-08-26 10:55:52] [INFO] 找到 7 个包含ButterKnife的文件
[2025-08-26 10:55:52] [INFO] 步骤3: 转换代码...
[2025-08-26 10:55:52] [INFO] 步骤4: 注入初始化代码...
[2025-08-26 10:55:52] [INFO] 步骤5: 写入转换后的文件...
[2025-08-26 10:55:52] [INFO] 成功迁移文件: MainActivity.java
[2025-08-26 10:55:52] [INFO] 成功迁移文件: MainActivity.java
[2025-08-26 10:55:52] [INFO] 成功迁移文件: MainActivity.java
[2025-08-26 10:55:52] [INFO] 成功迁移文件: MainActivity.java
[2025-08-26 10:55:52] [INFO] 成功迁移文件: MainActivity.java
[2025-08-26 10:55:52] [INFO] 成功迁移文件: MainActivity.java
[2025-08-26 10:55:52] [INFO] 成功迁移文件: MainActivity.java
[2025-08-26 10:55:52] [INFO] 步骤6: 生成迁移报告...
[2025-08-26 10:55:52] [INFO] 迁移报告已保存到: tests\butterknife_migration_report.json
[2025-08-26 10:55:52] [INFO] ButterKnife迁移流程完成!
[2025-08-26 10:56:19] [INFO] 开始ButterKnife迁移流程...
[2025-08-26 10:56:19] [INFO] 步骤1: 扫描项目文件...
[2025-08-26 10:56:19] [INFO] 找到 8 个Java文件
[2025-08-26 10:56:19] [INFO] 步骤2: 解析ButterKnife注解...
[2025-08-26 10:56:19] [INFO] 解析文件: MainActivity.java
[2025-08-26 10:56:19] [INFO] 解析文件: MainActivity.java
[2025-08-26 10:56:19] [INFO] 解析文件: MainActivity.java
[2025-08-26 10:56:19] [INFO] 解析文件: MainActivity.java
[2025-08-26 10:56:19] [INFO] 解析文件: MainActivity.java
[2025-08-26 10:56:19] [INFO] 解析文件: MainActivity.java
[2025-08-26 10:56:19] [INFO] 解析文件: MainActivity.java
[2025-08-26 10:56:19] [INFO] 解析文件: MainActivity.java
[2025-08-26 10:56:19] [INFO] 找到 8 个包含ButterKnife的文件
[2025-08-26 10:56:19] [INFO] 步骤3: 转换代码...
[2025-08-26 10:56:19] [INFO] 步骤4: 注入初始化代码...
[2025-08-26 10:56:19] [INFO] 步骤5: 写入转换后的文件...
[2025-08-26 10:56:19] [INFO] 成功迁移文件: MainActivity.java
[2025-08-26 10:56:19] [INFO] 成功迁移文件: MainActivity.java
[2025-08-26 10:56:19] [INFO] 成功迁移文件: MainActivity.java
[2025-08-26 10:56:19] [INFO] 成功迁移文件: MainActivity.java
[2025-08-26 10:56:19] [INFO] 成功迁移文件: MainActivity.java
[2025-08-26 10:56:19] [INFO] 成功迁移文件: MainActivity.java
[2025-08-26 10:56:19] [INFO] 成功迁移文件: MainActivity.java
[2025-08-26 10:56:19] [INFO] 成功迁移文件: MainActivity.java
[2025-08-26 10:56:19] [INFO] 步骤6: 生成迁移报告...
[2025-08-26 10:56:19] [INFO] 迁移报告已保存到: tests\butterknife_migration_report.json
[2025-08-26 10:56:19] [INFO] ButterKnife迁移流程完成!
[2025-08-26 10:57:28] [INFO] 开始ButterKnife迁移流程...
[2025-08-26 10:57:28] [INFO] 步骤1: 扫描项目文件...
[2025-08-26 10:57:28] [INFO] 找到 9 个Java文件
[2025-08-26 10:57:28] [INFO] 步骤2: 解析ButterKnife注解...
[2025-08-26 10:57:28] [INFO] 解析文件: MainActivity.java
[2025-08-26 10:57:28] [INFO] 解析文件: MainActivity.java
[2025-08-26 10:57:28] [INFO] 解析文件: MainActivity.java
[2025-08-26 10:57:28] [INFO] 解析文件: MainActivity.java
[2025-08-26 10:57:28] [INFO] 解析文件: MainActivity.java
[2025-08-26 10:57:28] [INFO] 解析文件: MainActivity.java
[2025-08-26 10:57:28] [INFO] 解析文件: MainActivity.java
[2025-08-26 10:57:28] [INFO] 解析文件: MainActivity.java
[2025-08-26 10:57:28] [INFO] 解析文件: MainActivity.java
[2025-08-26 10:57:28] [INFO] 找到 9 个包含ButterKnife的文件
[2025-08-26 10:57:28] [INFO] 步骤3: 转换代码...
[2025-08-26 10:57:28] [INFO] 步骤4: 注入初始化代码...
[2025-08-26 10:57:28] [INFO] 步骤5: 写入转换后的文件...
[2025-08-26 10:57:28] [INFO] 成功迁移文件: MainActivity.java
[2025-08-26 10:57:28] [INFO] 成功迁移文件: MainActivity.java
[2025-08-26 10:57:28] [INFO] 成功迁移文件: MainActivity.java
[2025-08-26 10:57:28] [INFO] 成功迁移文件: MainActivity.java
[2025-08-26 10:57:28] [INFO] 成功迁移文件: MainActivity.java
[2025-08-26 10:57:28] [INFO] 成功迁移文件: MainActivity.java
[2025-08-26 10:57:28] [INFO] 成功迁移文件: MainActivity.java
[2025-08-26 10:57:28] [INFO] 成功迁移文件: MainActivity.java
[2025-08-26 10:57:28] [INFO] 成功迁移文件: MainActivity.java
[2025-08-26 10:57:28] [INFO] 步骤6: 生成迁移报告...
[2025-08-26 10:57:28] [INFO] 迁移报告已保存到: tests\butterknife_migration_report.json
[2025-08-26 10:57:28] [INFO] ButterKnife迁移流程完成!
[2025-08-26 10:57:51] [INFO] 开始ButterKnife迁移流程...
[2025-08-26 10:57:51] [INFO] 步骤1: 扫描项目文件...
[2025-08-26 10:57:51] [INFO] 找到 10 个Java文件
[2025-08-26 10:57:51] [INFO] 步骤2: 解析ButterKnife注解...
[2025-08-26 10:57:51] [INFO] 解析文件: MainActivity.java
[2025-08-26 10:57:51] [INFO] 解析文件: MainActivity.java
[2025-08-26 10:57:51] [INFO] 解析文件: MainActivity.java
[2025-08-26 10:57:51] [INFO] 解析文件: MainActivity.java
[2025-08-26 10:57:51] [INFO] 解析文件: MainActivity.java
[2025-08-26 10:57:51] [INFO] 解析文件: MainActivity.java
[2025-08-26 10:57:51] [INFO] 解析文件: MainActivity.java
[2025-08-26 10:57:51] [INFO] 解析文件: MainActivity.java
[2025-08-26 10:57:51] [INFO] 解析文件: MainActivity.java
[2025-08-26 10:57:51] [INFO] 解析文件: MainActivity.java
[2025-08-26 10:57:51] [INFO] 找到 10 个包含ButterKnife的文件
[2025-08-26 10:57:51] [INFO] 步骤3: 转换代码...
[2025-08-26 10:57:51] [INFO] 步骤4: 注入初始化代码...
[2025-08-26 10:57:51] [INFO] 步骤5: 写入转换后的文件...
[2025-08-26 10:57:51] [INFO] 成功迁移文件: MainActivity.java
[2025-08-26 10:57:51] [INFO] 成功迁移文件: MainActivity.java
[2025-08-26 10:57:51] [INFO] 成功迁移文件: MainActivity.java
[2025-08-26 10:57:51] [INFO] 成功迁移文件: MainActivity.java
[2025-08-26 10:57:51] [INFO] 成功迁移文件: MainActivity.java
[2025-08-26 10:57:51] [INFO] 成功迁移文件: MainActivity.java
[2025-08-26 10:57:51] [INFO] 成功迁移文件: MainActivity.java
[2025-08-26 10:57:51] [INFO] 成功迁移文件: MainActivity.java
[2025-08-26 10:57:51] [INFO] 成功迁移文件: MainActivity.java
[2025-08-26 10:57:51] [INFO] 成功迁移文件: MainActivity.java
[2025-08-26 10:57:51] [INFO] 步骤6: 生成迁移报告...
[2025-08-26 10:57:51] [INFO] 迁移报告已保存到: tests\butterknife_migration_report.json
[2025-08-26 10:57:51] [INFO] ButterKnife迁移流程完成!
[2025-08-26 11:00:58] [INFO] 开始ButterKnife迁移流程...
[2025-08-26 11:00:58] [INFO] 步骤1: 扫描项目文件...
[2025-08-26 11:00:58] [INFO] 找到 11 个Java文件
[2025-08-26 11:00:58] [INFO] 步骤2: 解析ButterKnife注解...
[2025-08-26 11:00:58] [INFO] 解析文件: MainActivity.java
[2025-08-26 11:00:58] [INFO] 解析文件: MainActivity.java
[2025-08-26 11:00:58] [INFO] 解析文件: MainActivity.java
[2025-08-26 11:00:58] [INFO] 解析文件: MainActivity.java
[2025-08-26 11:00:58] [INFO] 解析文件: MainActivity.java
[2025-08-26 11:00:58] [INFO] 解析文件: MainActivity.java
[2025-08-26 11:00:58] [INFO] 解析文件: MainActivity.java
[2025-08-26 11:00:58] [INFO] 解析文件: MainActivity.java
[2025-08-26 11:00:58] [INFO] 解析文件: MainActivity.java
[2025-08-26 11:00:58] [INFO] 解析文件: MainActivity.java
[2025-08-26 11:00:58] [INFO] 找到 10 个包含ButterKnife的文件
[2025-08-26 11:00:58] [INFO] 步骤3: 转换代码...
[2025-08-26 11:00:58] [INFO] 步骤4: 注入初始化代码...
[2025-08-26 11:00:58] [INFO] 步骤5: 写入转换后的文件...
[2025-08-26 11:00:58] [INFO] 成功迁移文件: MainActivity.java
[2025-08-26 11:00:58] [INFO] 成功迁移文件: MainActivity.java
[2025-08-26 11:00:58] [INFO] 成功迁移文件: MainActivity.java
[2025-08-26 11:00:58] [INFO] 成功迁移文件: MainActivity.java
[2025-08-26 11:00:58] [INFO] 成功迁移文件: MainActivity.java
[2025-08-26 11:00:58] [INFO] 成功迁移文件: MainActivity.java
[2025-08-26 11:00:58] [INFO] 成功迁移文件: MainActivity.java
[2025-08-26 11:00:58] [INFO] 成功迁移文件: MainActivity.java
[2025-08-26 11:00:58] [INFO] 成功迁移文件: MainActivity.java
[2025-08-26 11:00:58] [INFO] 成功迁移文件: MainActivity.java
[2025-08-26 11:00:58] [INFO] 步骤6: 生成迁移报告...
[2025-08-26 11:00:58] [INFO] 迁移报告已保存到: tests\butterknife_migration_report.json
[2025-08-26 11:00:58] [INFO] ButterKnife迁移流程完成!
[2025-08-26 11:06:39] [INFO] 开始ButterKnife迁移流程...
[2025-08-26 11:06:39] [INFO] 步骤1: 扫描项目文件...
[2025-08-26 11:06:39] [INFO] 找到 1 个Java文件
[2025-08-26 11:06:39] [INFO] 步骤2: 解析ButterKnife注解...
[2025-08-26 11:06:39] [INFO] 找到 0 个包含ButterKnife的文件
[2025-08-26 11:06:39] [INFO] 未找到包含ButterKnife注解的文件，无需迁移
[2025-08-26 13:46:23] [INFO] 开始ButterKnife迁移流程...
[2025-08-26 13:46:23] [INFO] 步骤1: 扫描项目文件...
[2025-08-26 13:46:23] [INFO] 找到 1 个Java文件
[2025-08-26 13:46:23] [INFO] 步骤2: 解析ButterKnife注解...
[2025-08-26 13:46:23] [INFO] 解析文件: MainActivity.java
[2025-08-26 13:46:23] [INFO] 找到 1 个包含ButterKnife的文件
[2025-08-26 13:46:23] [INFO] 步骤3: 转换代码...
[2025-08-26 13:46:23] [INFO] 步骤4: 注入初始化代码...
[2025-08-26 13:46:23] [INFO] 步骤5: 写入转换后的文件...
[2025-08-26 13:46:23] [INFO] 成功迁移文件: MainActivity.java
[2025-08-26 13:46:23] [INFO] 步骤6: 生成迁移报告...
[2025-08-26 13:46:23] [INFO] 迁移报告已保存到: tests\butterknife_migration_report.json
[2025-08-26 13:46:23] [INFO] ButterKnife迁移流程完成!
[2025-08-26 13:49:28] [INFO] 开始ButterKnife迁移流程...
[2025-08-26 13:49:28] [INFO] 步骤1: 扫描项目文件...
[2025-08-26 13:49:28] [INFO] 找到 1 个Java文件
[2025-08-26 13:49:28] [INFO] 步骤2: 解析ButterKnife注解...
[2025-08-26 13:49:28] [INFO] 解析文件: MainActivity.java
[2025-08-26 13:49:28] [INFO] 找到 1 个包含ButterKnife的文件
[2025-08-26 13:49:28] [INFO] 步骤3: 转换代码...
[2025-08-26 13:49:28] [INFO] 步骤4: 注入初始化代码...
[2025-08-26 13:49:28] [INFO] 步骤5: 写入转换后的文件...
[2025-08-26 13:49:28] [INFO] 成功迁移文件: MainActivity.java
[2025-08-26 13:49:28] [INFO] 步骤6: 生成迁移报告...
[2025-08-26 13:49:28] [INFO] 迁移报告已保存到: tests\butterknife_migration_report.json
[2025-08-26 13:49:28] [INFO] ButterKnife迁移流程完成!
[2025-08-26 13:50:23] [INFO] 开始ButterKnife迁移流程...
[2025-08-26 13:50:23] [INFO] 步骤1: 扫描项目文件...
[2025-08-26 13:50:23] [INFO] 找到 1 个Java文件
[2025-08-26 13:50:23] [INFO] 步骤2: 解析ButterKnife注解...
[2025-08-26 13:50:23] [INFO] 解析文件: MainActivity.java
[2025-08-26 13:50:23] [INFO] 找到 1 个包含ButterKnife的文件
[2025-08-26 13:50:23] [INFO] 步骤3: 转换代码...
[2025-08-26 13:50:23] [INFO] 步骤4: 注入初始化代码...
[2025-08-26 13:50:23] [INFO] 步骤5: 写入转换后的文件...
[2025-08-26 13:50:23] [INFO] 成功迁移文件: MainActivity.java
[2025-08-26 13:50:23] [INFO] 步骤6: 生成迁移报告...
[2025-08-26 13:50:23] [INFO] 迁移报告已保存到: tests\butterknife_migration_report.json
[2025-08-26 13:50:23] [INFO] ButterKnife迁移流程完成!
[2025-08-26 13:51:31] [INFO] 开始ButterKnife迁移流程...
[2025-08-26 13:51:31] [INFO] 步骤1: 扫描项目文件...
[2025-08-26 13:51:31] [INFO] 找到 1 个Java文件
[2025-08-26 13:51:31] [INFO] 步骤2: 解析ButterKnife注解...
[2025-08-26 13:51:31] [INFO] 解析文件: MainActivity.java
[2025-08-26 13:51:31] [INFO] 找到 1 个包含ButterKnife的文件
[2025-08-26 13:51:31] [INFO] 步骤3: 转换代码...
[2025-08-26 13:51:31] [INFO] 步骤4: 注入初始化代码...
[2025-08-26 13:51:31] [INFO] 步骤5: 写入转换后的文件...
[2025-08-26 13:51:31] [INFO] 成功迁移文件: MainActivity.java
[2025-08-26 13:51:31] [INFO] 步骤6: 生成迁移报告...
[2025-08-26 13:51:31] [INFO] 迁移报告已保存到: tests\butterknife_migration_report.json
[2025-08-26 13:51:31] [INFO] ButterKnife迁移流程完成!
[2025-08-26 13:53:18] [INFO] 开始ButterKnife迁移流程...
[2025-08-26 13:53:18] [INFO] 步骤1: 扫描项目文件...
[2025-08-26 13:53:18] [INFO] 找到 1 个Java文件
[2025-08-26 13:53:18] [INFO] 步骤2: 解析ButterKnife注解...
[2025-08-26 13:53:18] [INFO] 解析文件: MainActivity.java
[2025-08-26 13:53:18] [INFO] 找到 1 个包含ButterKnife的文件
[2025-08-26 13:53:18] [INFO] 步骤3: 转换代码...
[2025-08-26 13:53:18] [INFO] 步骤4: 注入初始化代码...
[2025-08-26 13:53:18] [INFO] 步骤5: 写入转换后的文件...
[2025-08-26 13:53:18] [INFO] 成功迁移文件: MainActivity.java
[2025-08-26 13:53:18] [INFO] 步骤6: 生成迁移报告...
[2025-08-26 13:53:18] [INFO] 迁移报告已保存到: tests\butterknife_migration_report.json
[2025-08-26 13:53:18] [INFO] ButterKnife迁移流程完成!
[2025-08-26 13:53:23] [INFO] 开始ButterKnife迁移流程...
[2025-08-26 13:53:23] [INFO] 步骤1: 扫描项目文件...
[2025-08-26 13:53:23] [INFO] 找到 1 个Java文件
[2025-08-26 13:53:23] [INFO] 步骤2: 解析ButterKnife注解...
[2025-08-26 13:53:23] [INFO] 找到 0 个包含ButterKnife的文件
[2025-08-26 13:53:23] [INFO] 未找到包含ButterKnife注解的文件，无需迁移
[2025-08-26 13:54:32] [INFO] 开始ButterKnife迁移流程...
[2025-08-26 13:54:32] [INFO] 步骤1: 扫描项目文件...
[2025-08-26 13:54:32] [INFO] 找到 1 个Java文件
[2025-08-26 13:54:32] [INFO] 步骤2: 解析ButterKnife注解...
[2025-08-26 13:54:32] [INFO] 找到 0 个包含ButterKnife的文件
[2025-08-26 13:54:32] [INFO] 未找到包含ButterKnife注解的文件，无需迁移
[2025-08-26 13:54:53] [INFO] 开始ButterKnife迁移流程...
[2025-08-26 13:54:53] [INFO] 步骤1: 扫描项目文件...
[2025-08-26 13:54:53] [INFO] 找到 1 个Java文件
[2025-08-26 13:54:53] [INFO] 步骤2: 解析ButterKnife注解...
[2025-08-26 13:54:53] [INFO] 解析文件: MainActivity.java
[2025-08-26 13:54:53] [INFO] 找到 1 个包含ButterKnife的文件
[2025-08-26 13:54:53] [INFO] 步骤3: 转换代码...
[2025-08-26 13:54:53] [INFO] 步骤4: 注入初始化代码...
[2025-08-26 13:54:53] [INFO] 步骤5: 写入转换后的文件...
[2025-08-26 13:54:53] [INFO] 成功迁移文件: MainActivity.java
[2025-08-26 13:54:53] [INFO] 步骤6: 生成迁移报告...
[2025-08-26 13:54:53] [INFO] 迁移报告已保存到: tests\butterknife_migration_report.json
[2025-08-26 13:54:53] [INFO] ButterKnife迁移流程完成!
[2025-08-26 13:58:07] [INFO] 开始ButterKnife迁移流程...
[2025-08-26 13:58:07] [INFO] 步骤1: 扫描项目文件...
[2025-08-26 13:58:07] [INFO] 找到 1 个Java文件
[2025-08-26 13:58:07] [INFO] 步骤2: 解析ButterKnife注解...
[2025-08-26 13:58:07] [INFO] 解析文件: MainActivity.java
[2025-08-26 13:58:07] [INFO] 找到 1 个包含ButterKnife的文件
[2025-08-26 13:58:07] [INFO] 步骤3: 转换代码...
[2025-08-26 13:58:07] [INFO] 步骤4: 注入初始化代码...
[2025-08-26 13:58:07] [INFO] 步骤5: 写入转换后的文件...
[2025-08-26 13:58:07] [INFO] 成功迁移文件: MainActivity.java
[2025-08-26 13:58:07] [INFO] 步骤6: 生成迁移报告...
[2025-08-26 13:58:07] [INFO] 迁移报告已保存到: tests\butterknife_migration_report.json
[2025-08-26 13:58:07] [INFO] ButterKnife迁移流程完成!
[2025-08-26 14:09:59] [INFO] 开始ButterKnife迁移流程...
[2025-08-26 14:09:59] [INFO] 步骤1: 扫描项目文件...
[2025-08-26 14:09:59] [INFO] 找到 1 个Java文件
[2025-08-26 14:09:59] [INFO] 步骤2: 解析ButterKnife注解...
[2025-08-26 14:09:59] [INFO] 解析文件: MainActivity.java
[2025-08-26 14:09:59] [INFO] 找到 1 个包含ButterKnife的文件
[2025-08-26 14:09:59] [INFO] 步骤3: 转换代码...
[2025-08-26 14:09:59] [INFO] 步骤4: 注入初始化代码...
[2025-08-26 14:09:59] [INFO] 步骤5: 写入转换后的文件...
[2025-08-26 14:09:59] [INFO] 成功迁移文件: MainActivity.java
[2025-08-26 14:09:59] [INFO] 步骤6: 生成迁移报告...
[2025-08-26 14:09:59] [INFO] 迁移报告已保存到: tests\butterknife_migration_report.json
[2025-08-26 14:09:59] [INFO] ButterKnife迁移流程完成!
[2025-08-26 14:10:25] [INFO] 开始ButterKnife迁移流程...
[2025-08-26 14:10:25] [INFO] 步骤1: 扫描项目文件...
[2025-08-26 14:10:25] [INFO] 找到 1 个Java文件
[2025-08-26 14:10:25] [INFO] 步骤2: 解析ButterKnife注解...
[2025-08-26 14:10:25] [INFO] 找到 0 个包含ButterKnife的文件
[2025-08-26 14:10:25] [INFO] 未找到包含ButterKnife注解的文件，无需迁移
[2025-08-26 14:10:47] [INFO] 开始ButterKnife迁移流程...
[2025-08-26 14:10:47] [INFO] 步骤1: 扫描项目文件...
[2025-08-26 14:10:47] [INFO] 找到 1 个Java文件
[2025-08-26 14:10:47] [INFO] 步骤2: 解析ButterKnife注解...
[2025-08-26 14:10:47] [INFO] 解析文件: MainActivity.java
[2025-08-26 14:10:47] [INFO] 找到 1 个包含ButterKnife的文件
[2025-08-26 14:10:47] [INFO] 步骤3: 转换代码...
[2025-08-26 14:10:47] [INFO] 步骤4: 注入初始化代码...
[2025-08-26 14:10:47] [INFO] 步骤5: 写入转换后的文件...
[2025-08-26 14:10:47] [INFO] 成功迁移文件: MainActivity.java
[2025-08-26 14:10:47] [INFO] 步骤6: 生成迁移报告...
[2025-08-26 14:10:47] [INFO] 迁移报告已保存到: tests\butterknife_migration_report.json
[2025-08-26 14:10:47] [INFO] ButterKnife迁移流程完成!
[2025-08-26 14:12:21] [INFO] 开始ButterKnife迁移流程...
[2025-08-26 14:12:21] [INFO] 步骤1: 扫描项目文件...
[2025-08-26 14:12:21] [INFO] 找到 1 个Java文件
[2025-08-26 14:12:21] [INFO] 步骤2: 解析ButterKnife注解...
[2025-08-26 14:12:21] [INFO] 找到 0 个包含ButterKnife的文件
[2025-08-26 14:12:21] [INFO] 未找到包含ButterKnife注解的文件，无需迁移
[2025-08-26 14:12:43] [INFO] 开始ButterKnife迁移流程...
[2025-08-26 14:12:43] [INFO] 步骤1: 扫描项目文件...
[2025-08-26 14:12:43] [INFO] 找到 1 个Java文件
[2025-08-26 14:12:43] [INFO] 步骤2: 解析ButterKnife注解...
[2025-08-26 14:12:43] [INFO] 解析文件: MainActivity.java
[2025-08-26 14:12:43] [INFO] 找到 1 个包含ButterKnife的文件
[2025-08-26 14:12:43] [INFO] 步骤3: 转换代码...
[2025-08-26 14:12:43] [INFO] 步骤4: 注入初始化代码...
[2025-08-26 14:12:43] [INFO] 步骤5: 写入转换后的文件...
[2025-08-26 14:12:43] [INFO] 成功迁移文件: MainActivity.java
[2025-08-26 14:12:43] [INFO] 步骤6: 生成迁移报告...
[2025-08-26 14:12:43] [INFO] 迁移报告已保存到: tests\butterknife_migration_report.json
[2025-08-26 14:12:43] [INFO] ButterKnife迁移流程完成!
[2025-08-26 14:15:53] [INFO] 开始ButterKnife迁移流程...
[2025-08-26 14:15:53] [INFO] 步骤1: 扫描项目文件...
[2025-08-26 14:15:53] [INFO] 找到 1 个Java文件
[2025-08-26 14:15:53] [INFO] 步骤2: 解析ButterKnife注解...
[2025-08-26 14:15:53] [INFO] 解析文件: MainActivity.java
[2025-08-26 14:15:53] [INFO] 找到 1 个包含ButterKnife的文件
[2025-08-26 14:15:53] [INFO] 步骤3: 转换代码...
[2025-08-26 14:15:53] [INFO] 步骤4: 注入初始化代码...
[2025-08-26 14:15:53] [INFO] 步骤5: 写入转换后的文件...
[2025-08-26 14:15:53] [INFO] 成功迁移文件: MainActivity.java
[2025-08-26 14:15:53] [INFO] 步骤6: 生成迁移报告...
[2025-08-26 14:15:53] [INFO] 迁移报告已保存到: tests\butterknife_migration_report.json
[2025-08-26 14:15:53] [INFO] ButterKnife迁移流程完成!
[2025-08-26 14:26:39] [INFO] 开始ButterKnife迁移流程...
[2025-08-26 14:26:39] [INFO] 步骤1: 扫描项目文件...
[2025-08-26 14:26:39] [INFO] 找到 1 个Java文件
[2025-08-26 14:26:39] [INFO] 步骤2: 解析ButterKnife注解...
[2025-08-26 14:26:39] [INFO] 解析文件: MainActivity.java
[2025-08-26 14:26:39] [INFO] 找到 1 个包含ButterKnife的文件
[2025-08-26 14:26:39] [INFO] 步骤3: 转换代码...
[2025-08-26 14:26:39] [INFO] 步骤4: 注入初始化代码...
[2025-08-26 14:26:39] [INFO] 步骤5: 写入转换后的文件...
[2025-08-26 14:26:39] [INFO] 成功迁移文件: MainActivity.java
[2025-08-26 14:26:39] [INFO] 步骤6: 生成迁移报告...
[2025-08-26 14:26:39] [INFO] 迁移报告已保存到: tests\butterknife_migration_report.json
[2025-08-26 14:26:39] [INFO] ButterKnife迁移流程完成!
[2025-09-04 11:11:25] [INFO] 开始ButterKnife迁移流程...
[2025-09-04 11:11:25] [INFO] 步骤1: 扫描项目文件...
[2025-09-04 11:11:25] [INFO] 找到 1 个Java文件
[2025-09-04 11:11:25] [INFO] 步骤2: 解析ButterKnife注解...
[2025-09-04 11:11:25] [INFO] 找到 0 个包含ButterKnife的文件
[2025-09-04 11:11:25] [INFO] 未找到包含ButterKnife注解的文件，无需迁移
[2025-09-04 11:39:38] [INFO] 开始ButterKnife迁移流程...
[2025-09-04 11:39:38] [INFO] 步骤1: 扫描项目文件...
[2025-09-04 11:39:38] [INFO] 找到 0 个Java文件
[2025-09-04 11:39:38] [WARNING] 未找到任何Java文件，请检查项目路径配置
[2025-09-04 11:43:43] [INFO] 开始ButterKnife迁移流程...
[2025-09-04 11:43:43] [INFO] 步骤1: 扫描项目文件...
[2025-09-04 11:43:43] [INFO] 找到 1 个Java文件
[2025-09-04 11:43:43] [INFO] 步骤2: 解析ButterKnife注解...
[2025-09-04 11:43:43] [INFO] 解析文件: MainActivity.java
[2025-09-04 11:43:43] [INFO] 找到 1 个包含ButterKnife的文件
[2025-09-04 11:43:43] [INFO] 步骤3: 转换代码...
[2025-09-04 11:43:43] [INFO] 步骤4: 注入初始化代码...
[2025-09-04 11:43:43] [INFO] 步骤5: 写入转换后的文件...
[2025-09-04 11:43:43] [INFO] 成功迁移文件: MainActivity.java
[2025-09-04 11:43:43] [INFO] 步骤6: 生成迁移报告...
[2025-09-04 11:43:43] [INFO] 迁移报告已保存到: C:\Users\ygh\PythonWorkSpace\butterknife_migrator\butterknife_migration_report.json
[2025-09-04 11:43:43] [INFO] ButterKnife迁移流程完成!
[2025-09-04 11:47:17] [INFO] 开始ButterKnife迁移流程...
[2025-09-04 11:47:17] [INFO] 步骤1: 扫描项目文件...
[2025-09-04 11:47:17] [INFO] 找到 1 个Java文件
[2025-09-04 11:47:17] [INFO] 步骤2: 解析ButterKnife注解...
[2025-09-04 11:47:17] [INFO] 解析文件: MainActivity.java
[2025-09-04 11:47:17] [INFO] 找到 1 个包含ButterKnife的文件
[2025-09-04 11:47:17] [INFO] 步骤3: 转换代码...
[2025-09-04 11:47:17] [INFO] 步骤4: 注入初始化代码...
[2025-09-04 11:47:17] [INFO] 步骤5: 写入转换后的文件...
[2025-09-04 11:47:17] [INFO] 成功迁移文件: MainActivity.java
[2025-09-04 11:47:17] [INFO] 步骤6: 生成迁移报告...
[2025-09-04 11:47:17] [INFO] 迁移报告已保存到: C:\Users\ygh\PythonWorkSpace\butterknife_migrator\butterknife_migration_report.json
[2025-09-04 11:47:17] [INFO] ButterKnife迁移流程完成!
[2025-09-04 11:49:52] [INFO] 开始ButterKnife迁移流程...
[2025-09-04 11:49:52] [INFO] 步骤1: 扫描项目文件...
[2025-09-04 11:49:52] [INFO] 找到 1 个Java文件
[2025-09-04 11:49:52] [INFO] 步骤2: 解析ButterKnife注解...
[2025-09-04 11:49:52] [INFO] 解析文件: MainActivity.java
[2025-09-04 11:49:52] [INFO] 找到 1 个包含ButterKnife的文件
[2025-09-04 11:49:52] [INFO] 步骤3: 转换代码...
[2025-09-04 11:49:52] [INFO] 步骤4: 注入初始化代码...
[2025-09-04 11:49:52] [INFO] 步骤5: 写入转换后的文件...
[2025-09-04 11:49:52] [INFO] 成功迁移文件: MainActivity.java
[2025-09-04 11:49:52] [INFO] 步骤6: 生成迁移报告...
[2025-09-04 11:49:52] [INFO] 迁移报告已保存到: C:\Users\ygh\PythonWorkSpace\butterknife_migrator\butterknife_migration_report.json
[2025-09-04 11:49:52] [INFO] ButterKnife迁移流程完成!
[2025-09-04 11:50:05] [INFO] 开始ButterKnife迁移流程...
[2025-09-04 11:50:05] [INFO] 步骤1: 扫描项目文件...
[2025-09-04 11:50:05] [INFO] 找到 1 个Java文件
[2025-09-04 11:50:05] [INFO] 步骤2: 解析ButterKnife注解...
[2025-09-04 11:50:05] [INFO] 解析文件: MainActivity.java
[2025-09-04 11:50:05] [INFO] 找到 1 个包含ButterKnife的文件
[2025-09-04 11:50:05] [INFO] 步骤3: 转换代码...
[2025-09-04 11:50:05] [INFO] 步骤4: 注入初始化代码...
[2025-09-04 11:50:05] [INFO] 步骤5: 写入转换后的文件...
[2025-09-04 11:50:05] [INFO] 成功迁移文件: MainActivity.java
[2025-09-04 11:50:05] [INFO] 步骤6: 生成迁移报告...
[2025-09-04 11:50:05] [INFO] 迁移报告已保存到: C:\Users\ygh\PythonWorkSpace\butterknife_migrator\butterknife_migration_report.json
[2025-09-04 11:50:05] [INFO] ButterKnife迁移流程完成!
[2025-09-04 11:50:11] [INFO] 开始ButterKnife迁移流程...
[2025-09-04 11:50:11] [INFO] 步骤1: 扫描项目文件...
[2025-09-04 11:50:11] [INFO] 找到 1 个Java文件
[2025-09-04 11:50:11] [INFO] 步骤2: 解析ButterKnife注解...
[2025-09-04 11:50:11] [INFO] 解析文件: MainActivity.java
[2025-09-04 11:50:11] [INFO] 找到 1 个包含ButterKnife的文件
[2025-09-04 11:50:11] [INFO] 步骤3: 转换代码...
[2025-09-04 11:50:11] [INFO] 步骤4: 注入初始化代码...
[2025-09-04 11:50:11] [INFO] 步骤5: 写入转换后的文件...
[2025-09-04 11:50:11] [INFO] 成功迁移文件: MainActivity.java
[2025-09-04 11:50:11] [INFO] 步骤6: 生成迁移报告...
[2025-09-04 11:50:11] [INFO] 迁移报告已保存到: C:\Users\ygh\PythonWorkSpace\butterknife_migrator\butterknife_migration_report.json
[2025-09-04 11:50:11] [INFO] ButterKnife迁移流程完成!
[2025-09-04 11:50:23] [INFO] 开始ButterKnife迁移流程...
[2025-09-04 11:50:23] [INFO] 步骤1: 扫描项目文件...
[2025-09-04 11:50:23] [INFO] 找到 1 个Java文件
[2025-09-04 11:50:23] [INFO] 步骤2: 解析ButterKnife注解...
[2025-09-04 11:50:23] [INFO] 解析文件: MainActivity.java
[2025-09-04 11:50:23] [INFO] 找到 1 个包含ButterKnife的文件
[2025-09-04 11:50:23] [INFO] 步骤3: 转换代码...
[2025-09-04 11:50:23] [INFO] 步骤4: 注入初始化代码...
[2025-09-04 11:50:23] [INFO] 步骤5: 写入转换后的文件...
[2025-09-04 11:50:23] [INFO] 成功迁移文件: MainActivity.java
[2025-09-04 11:50:23] [INFO] 步骤6: 生成迁移报告...
[2025-09-04 11:50:23] [INFO] 迁移报告已保存到: C:\Users\ygh\PythonWorkSpace\butterknife_migrator\butterknife_migration_report.json
[2025-09-04 11:50:23] [INFO] ButterKnife迁移流程完成!
[2025-09-04 11:50:44] [INFO] 开始ButterKnife迁移流程...
[2025-09-04 11:50:44] [INFO] 步骤1: 扫描项目文件...
[2025-09-04 11:50:44] [INFO] 找到 2 个Java文件
[2025-09-04 11:50:44] [INFO] 步骤2: 解析ButterKnife注解...
[2025-09-04 11:50:44] [INFO] 解析文件: HealthHabbitDetailsActivity.java
[2025-09-04 11:50:44] [INFO] 解析文件: MainActivity.java
[2025-09-04 11:50:44] [INFO] 找到 2 个包含ButterKnife的文件
[2025-09-04 11:50:44] [INFO] 步骤3: 转换代码...
[2025-09-04 11:50:44] [INFO] 步骤4: 注入初始化代码...
[2025-09-04 11:50:44] [INFO] 步骤5: 写入转换后的文件...
[2025-09-04 11:50:44] [INFO] 成功迁移文件: HealthHabbitDetailsActivity.java
[2025-09-04 11:50:44] [INFO] 成功迁移文件: MainActivity.java
[2025-09-04 11:50:44] [INFO] 步骤6: 生成迁移报告...
[2025-09-04 11:50:44] [INFO] 迁移报告已保存到: C:\Users\ygh\PythonWorkSpace\butterknife_migrator\butterknife_migration_report.json
[2025-09-04 11:50:44] [INFO] ButterKnife迁移流程完成!
[2025-09-04 13:53:52] [INFO] 开始ButterKnife迁移流程...
[2025-09-04 13:53:52] [INFO] 步骤1: 扫描项目文件...
[2025-09-04 13:53:52] [INFO] 找到 1 个Java文件
[2025-09-04 13:53:52] [INFO] 步骤2: 解析ButterKnife注解...
[2025-09-04 13:53:52] [INFO] 解析文件: HealthHabbitDetailsActivity.java
[2025-09-04 13:53:52] [INFO] 找到 1 个包含ButterKnife的文件
[2025-09-04 13:53:52] [INFO] 步骤3: 转换代码...
[2025-09-04 13:53:52] [INFO] 步骤4: 注入初始化代码...
[2025-09-04 13:53:52] [INFO] 步骤5: 写入转换后的文件...
[2025-09-04 13:53:52] [INFO] 成功迁移文件: HealthHabbitDetailsActivity.java
[2025-09-04 13:53:52] [INFO] 步骤6: 生成迁移报告...
[2025-09-04 13:53:52] [INFO] 迁移报告已保存到: C:\Users\ygh\PythonWorkSpace\butterknife_migrator\butterknife_migration_report.json
[2025-09-04 13:53:52] [INFO] ButterKnife迁移流程完成!
[2025-09-04 13:59:20] [INFO] 开始ButterKnife迁移流程...
[2025-09-04 13:59:20] [INFO] 步骤1: 扫描项目文件...
[2025-09-04 13:59:20] [INFO] 找到 1 个Java文件
[2025-09-04 13:59:20] [INFO] 步骤2: 解析ButterKnife注解...
[2025-09-04 13:59:20] [INFO] 解析文件: HealthHabbitDetailsActivity.java
[2025-09-04 13:59:20] [INFO] 找到 1 个包含ButterKnife的文件
[2025-09-04 13:59:20] [INFO] 步骤3: 转换代码...
[2025-09-04 13:59:20] [INFO] 步骤4: 注入初始化代码...
[2025-09-04 13:59:20] [INFO] 步骤5: 写入转换后的文件...
[2025-09-04 13:59:20] [INFO] 成功迁移文件: HealthHabbitDetailsActivity.java
[2025-09-04 13:59:20] [INFO] 步骤6: 生成迁移报告...
[2025-09-04 13:59:20] [INFO] 迁移报告已保存到: C:\Users\ygh\PythonWorkSpace\butterknife_migrator\butterknife_migration_report.json
[2025-09-04 13:59:20] [INFO] ButterKnife迁移流程完成!
[2025-09-04 14:05:50] [INFO] 开始ButterKnife迁移流程...
[2025-09-04 14:05:50] [INFO] 步骤1: 扫描项目文件...
[2025-09-04 14:05:50] [INFO] 找到 1 个Java文件
[2025-09-04 14:05:50] [INFO] 步骤2: 解析ButterKnife注解...
[2025-09-04 14:05:50] [INFO] 解析文件: HealthHabbitDetailsActivity.java
[2025-09-04 14:05:50] [INFO] 找到 1 个包含ButterKnife的文件
[2025-09-04 14:05:50] [INFO] 步骤3: 转换代码...
[2025-09-04 14:05:50] [INFO] 步骤4: 注入初始化代码...
[2025-09-04 14:05:50] [INFO] 步骤5: 写入转换后的文件...
[2025-09-04 14:05:50] [INFO] 成功迁移文件: HealthHabbitDetailsActivity.java
[2025-09-04 14:05:50] [INFO] 步骤6: 生成迁移报告...
[2025-09-04 14:05:50] [INFO] 迁移报告已保存到: C:\Users\ygh\PythonWorkSpace\butterknife_migrator\butterknife_migration_report.json
[2025-09-04 14:05:50] [INFO] ButterKnife迁移流程完成!
[2025-09-04 14:12:02] [INFO] 开始ButterKnife迁移流程...
[2025-09-04 14:12:02] [INFO] 步骤1: 扫描项目文件...
[2025-09-04 14:12:02] [INFO] 找到 1 个Java文件
[2025-09-04 14:12:02] [INFO] 步骤2: 解析ButterKnife注解...
[2025-09-04 14:12:02] [INFO] 解析文件: HealthHabbitDetailsActivity.java
[2025-09-04 14:12:02] [INFO] 找到 1 个包含ButterKnife的文件
[2025-09-04 14:12:02] [INFO] 步骤3: 转换代码...
[2025-09-04 14:12:02] [INFO] 步骤4: 注入初始化代码...
[2025-09-04 14:12:02] [INFO] 步骤5: 写入转换后的文件...
[2025-09-04 14:12:02] [INFO] 成功迁移文件: HealthHabbitDetailsActivity.java
[2025-09-04 14:12:02] [INFO] 步骤6: 生成迁移报告...
[2025-09-04 14:12:02] [INFO] 迁移报告已保存到: C:\Users\ygh\PythonWorkSpace\butterknife_migrator\butterknife_migration_report.json
[2025-09-04 14:12:02] [INFO] ButterKnife迁移流程完成!
[2025-09-04 14:26:43] [INFO] 开始ButterKnife迁移流程...
[2025-09-04 14:26:43] [INFO] 步骤1: 扫描项目文件...
[2025-09-04 14:26:43] [INFO] 找到 5 个Java文件
[2025-09-04 14:26:43] [INFO] 步骤2: 解析ButterKnife注解...
[2025-09-04 14:26:43] [INFO] 解析文件: HealthHabbitAddActivity.java
[2025-09-04 14:26:43] [INFO] 解析文件: HealthHabbitCreateActivity.java
[2025-09-04 14:26:43] [INFO] 解析文件: HealthHabbitDetailsActivity.java
[2025-09-04 14:26:43] [INFO] 解析文件: HealthHabbitListActivity.java
[2025-09-04 14:26:43] [INFO] 解析文件: HealthHabbitRankListActivity.java
[2025-09-04 14:26:43] [INFO] 找到 5 个包含ButterKnife的文件
[2025-09-04 14:26:43] [INFO] 步骤3: 转换代码...
[2025-09-04 14:26:43] [INFO] 步骤4: 注入初始化代码...
[2025-09-04 14:26:43] [INFO] 步骤5: 写入转换后的文件...
[2025-09-04 14:26:43] [INFO] 成功迁移文件: HealthHabbitAddActivity.java
[2025-09-04 14:26:43] [INFO] 成功迁移文件: HealthHabbitCreateActivity.java
[2025-09-04 14:26:43] [INFO] 成功迁移文件: HealthHabbitDetailsActivity.java
[2025-09-04 14:26:43] [INFO] 成功迁移文件: HealthHabbitListActivity.java
[2025-09-04 14:26:43] [INFO] 成功迁移文件: HealthHabbitRankListActivity.java
[2025-09-04 14:26:43] [INFO] 步骤6: 生成迁移报告...
[2025-09-04 14:26:43] [INFO] 迁移报告已保存到: C:\Users\ygh\PythonWorkSpace\butterknife_migrator\butterknife_migration_report.json
[2025-09-04 14:26:43] [INFO] ButterKnife迁移流程完成!
[2025-09-04 14:36:09] [INFO] 开始ButterKnife迁移流程...
[2025-09-04 14:36:09] [INFO] 步骤1: 扫描项目文件...
[2025-09-04 14:36:09] [INFO] 找到 1 个Java文件
[2025-09-04 14:36:09] [INFO] 步骤2: 解析ButterKnife注解...
[2025-09-04 14:36:10] [INFO] 解析文件: HealthHabbitDetailsActivity.java
[2025-09-04 14:36:10] [INFO] 找到 1 个包含ButterKnife的文件
[2025-09-04 14:36:10] [INFO] 步骤3: 转换代码...
[2025-09-04 14:36:10] [INFO] 步骤4: 注入初始化代码...
[2025-09-04 14:36:10] [INFO] 步骤5: 写入转换后的文件...
[2025-09-04 14:36:10] [INFO] 成功迁移文件: HealthHabbitDetailsActivity.java
[2025-09-04 14:36:10] [INFO] 步骤6: 生成迁移报告...
[2025-09-04 14:36:10] [INFO] 迁移报告已保存到: C:\Users\ygh\PythonWorkSpace\butterknife_migrator\butterknife_migration_report.json
[2025-09-04 14:36:10] [INFO] ButterKnife迁移流程完成!
[2025-09-04 14:37:36] [INFO] 开始ButterKnife迁移流程...
[2025-09-04 14:37:36] [INFO] 步骤1: 扫描项目文件...
[2025-09-04 14:37:36] [INFO] 找到 5 个Java文件
[2025-09-04 14:37:36] [INFO] 步骤2: 解析ButterKnife注解...
[2025-09-04 14:37:36] [INFO] 解析文件: HealthHabbitAddActivity.java
[2025-09-04 14:37:36] [INFO] 解析文件: HealthHabbitCreateActivity.java
[2025-09-04 14:37:36] [INFO] 解析文件: HealthHabbitDetailsActivity.java
[2025-09-04 14:37:36] [INFO] 解析文件: HealthHabbitListActivity.java
[2025-09-04 14:37:36] [INFO] 解析文件: HealthHabbitRankListActivity.java
[2025-09-04 14:37:36] [INFO] 找到 5 个包含ButterKnife的文件
[2025-09-04 14:37:36] [INFO] 步骤3: 转换代码...
[2025-09-04 14:37:36] [INFO] 步骤4: 注入初始化代码...
[2025-09-04 14:37:36] [INFO] 步骤5: 写入转换后的文件...
[2025-09-04 14:37:36] [INFO] 成功迁移文件: HealthHabbitAddActivity.java
[2025-09-04 14:37:36] [INFO] 成功迁移文件: HealthHabbitCreateActivity.java
[2025-09-04 14:37:36] [INFO] 成功迁移文件: HealthHabbitDetailsActivity.java
[2025-09-04 14:37:36] [INFO] 成功迁移文件: HealthHabbitListActivity.java
[2025-09-04 14:37:36] [INFO] 成功迁移文件: HealthHabbitRankListActivity.java
[2025-09-04 14:37:36] [INFO] 步骤6: 生成迁移报告...
[2025-09-04 14:37:36] [INFO] 迁移报告已保存到: C:\Users\ygh\PythonWorkSpace\butterknife_migrator\butterknife_migration_report.json
[2025-09-04 14:37:36] [INFO] ButterKnife迁移流程完成!
[2025-09-04 14:49:59] [INFO] 开始ButterKnife迁移流程...
[2025-09-04 14:49:59] [INFO] 步骤1: 扫描项目文件...
[2025-09-04 14:49:59] [INFO] 找到 5 个Java文件
[2025-09-04 14:49:59] [INFO] 步骤2: 解析ButterKnife注解...
[2025-09-04 14:49:59] [INFO] 解析文件: HealthHabbitAddActivity.java
[2025-09-04 14:49:59] [INFO] 解析文件: HealthHabbitCreateActivity.java
[2025-09-04 14:49:59] [INFO] 解析文件: HealthHabbitDetailsActivity.java
[2025-09-04 14:49:59] [INFO] 解析文件: HealthHabbitListActivity.java
[2025-09-04 14:49:59] [INFO] 解析文件: HealthHabbitRankListActivity.java
[2025-09-04 14:49:59] [INFO] 找到 5 个包含ButterKnife的文件
[2025-09-04 14:49:59] [INFO] 步骤3: 转换代码...
[2025-09-04 14:49:59] [INFO] 步骤4: 注入初始化代码...
[2025-09-04 14:49:59] [INFO] 步骤5: 写入转换后的文件...
[2025-09-04 14:49:59] [INFO] 成功迁移文件: HealthHabbitAddActivity.java
[2025-09-04 14:49:59] [INFO] 成功迁移文件: HealthHabbitCreateActivity.java
[2025-09-04 14:49:59] [INFO] 成功迁移文件: HealthHabbitDetailsActivity.java
[2025-09-04 14:49:59] [INFO] 成功迁移文件: HealthHabbitListActivity.java
[2025-09-04 14:49:59] [INFO] 成功迁移文件: HealthHabbitRankListActivity.java
[2025-09-04 14:49:59] [INFO] 步骤6: 生成迁移报告...
[2025-09-04 14:49:59] [INFO] 迁移报告已保存到: C:\Users\ygh\PythonWorkSpace\butterknife_migrator\butterknife_migration_report.json
[2025-09-04 14:49:59] [INFO] ButterKnife迁移流程完成!
[2025-09-04 14:58:01] [INFO] 开始ButterKnife迁移流程...
[2025-09-04 14:58:01] [INFO] 步骤1: 扫描项目文件...
[2025-09-04 14:58:01] [INFO] 找到 5 个Java文件
[2025-09-04 14:58:01] [INFO] 步骤2: 解析ButterKnife注解...
[2025-09-04 14:58:01] [INFO] 解析文件: HabbitDrinksFragment.java
[2025-09-04 14:58:01] [INFO] 解析文件: HabbitEatFragment.java
[2025-09-04 14:58:01] [INFO] 解析文件: HabbitOtherFragment.java
[2025-09-04 14:58:01] [INFO] 解析文件: HabbitSleepFragment.java
[2025-09-04 14:58:01] [INFO] 解析文件: HabbitSportFragment.java
[2025-09-04 14:58:01] [INFO] 找到 5 个包含ButterKnife的文件
[2025-09-04 14:58:01] [INFO] 步骤3: 转换代码...
[2025-09-04 14:58:01] [INFO] 步骤4: 注入初始化代码...
[2025-09-04 14:58:01] [INFO] 步骤5: 写入转换后的文件...
[2025-09-04 14:58:01] [INFO] 成功迁移文件: HabbitDrinksFragment.java
[2025-09-04 14:58:01] [INFO] 成功迁移文件: HabbitEatFragment.java
[2025-09-04 14:58:01] [INFO] 成功迁移文件: HabbitOtherFragment.java
[2025-09-04 14:58:01] [INFO] 成功迁移文件: HabbitSleepFragment.java
[2025-09-04 14:58:01] [INFO] 成功迁移文件: HabbitSportFragment.java
[2025-09-04 14:58:01] [INFO] 步骤6: 生成迁移报告...
[2025-09-04 14:58:01] [INFO] 迁移报告已保存到: C:\Users\ygh\PythonWorkSpace\butterknife_migrator\butterknife_migration_report.json
[2025-09-04 14:58:01] [INFO] ButterKnife迁移流程完成!
[2025-09-04 15:01:46] [INFO] 开始ButterKnife迁移流程...
[2025-09-04 15:01:46] [INFO] 步骤1: 扫描项目文件...
[2025-09-04 15:01:46] [INFO] 找到 5 个Java文件
[2025-09-04 15:01:46] [INFO] 步骤2: 解析ButterKnife注解...
[2025-09-04 15:01:46] [INFO] 解析文件: HabbitDrinksFragment.java
[2025-09-04 15:01:46] [INFO] 解析文件: HabbitEatFragment.java
[2025-09-04 15:01:46] [INFO] 解析文件: HabbitOtherFragment.java
[2025-09-04 15:01:46] [INFO] 解析文件: HabbitSleepFragment.java
[2025-09-04 15:01:46] [INFO] 解析文件: HabbitSportFragment.java
[2025-09-04 15:01:46] [INFO] 找到 5 个包含ButterKnife的文件
[2025-09-04 15:01:46] [INFO] 步骤3: 转换代码...
[2025-09-04 15:01:46] [INFO] 步骤4: 注入初始化代码...
[2025-09-04 15:01:46] [INFO] 步骤5: 写入转换后的文件...
[2025-09-04 15:01:46] [INFO] 成功迁移文件: HabbitDrinksFragment.java
[2025-09-04 15:01:46] [INFO] 成功迁移文件: HabbitEatFragment.java
[2025-09-04 15:01:46] [INFO] 成功迁移文件: HabbitOtherFragment.java
[2025-09-04 15:01:46] [INFO] 成功迁移文件: HabbitSleepFragment.java
[2025-09-04 15:01:46] [INFO] 成功迁移文件: HabbitSportFragment.java
[2025-09-04 15:01:46] [INFO] 步骤6: 生成迁移报告...
[2025-09-04 15:01:46] [INFO] 迁移报告已保存到: C:\Users\ygh\PythonWorkSpace\butterknife_migrator\butterknife_migration_report.json
[2025-09-04 15:01:46] [INFO] ButterKnife迁移流程完成!
[2025-09-04 15:09:47] [INFO] 检测到普通Java项目: C:\Users\ygh\PythonWorkSpace\butterknife_migrator
[2025-09-04 15:09:47] [INFO] 发现源码目录: tests
[2025-09-04 15:09:47] [INFO] 自动配置扫描目录: ['tests']
[2025-09-04 15:09:47] [ERROR] 迁移过程失败: 'FileScanner' object has no attribute 'scan'
